2015-07-28 06:55:32.272 Let's Build Bridges[9401:168100] DiskCookieStorage changing policy from 2 to 0, cookie file: file:///Users/demick/Library/Developer/CoreSimulator/Devices/9296A8E6-91F9-426F-A9EC-FDECE2EBBC63/data/Containers/Data/Application/A5269F99-E347-4965-8453-5F3B70761969/Library/Cookies/Cookies.binarycookies
2015-07-28 06:55:32.751 Let's Build Bridges[9401:168100] Apache Cordova native platform version 3.8.0 is starting.
2015-07-28 06:55:32.752 Let's Build Bridges[9401:168100] Multi-tasking -> Device: YES, App: YES
2015-07-28 06:55:32.811 Let's Build Bridges[9401:168100] Unlimited access to network resources
2015-07-28 06:55:32.821 Let's Build Bridges[9401:168100] 

Started backup to iCloud! Please be careful.
Your application might be rejected by Apple if you store too much data.
For more information please read "iOS Data Storage Guidelines" at:
https://developer.apple.com/icloud/documentation/data-storage/
To disable web storage backup to iCloud, set the BackupWebStorage preference to "local" in the Cordova config.xml file

2015-07-28 06:55:36.561 Let's Build Bridges[9401:168100] [CDVTimer][splashscreen] 384.847999ms
2015-07-28 06:55:36.562 Let's Build Bridges[9401:168100] [CDVTimer][TotalPluginStartup] 385.095954ms
2015-07-28 06:55:37.510 Let's Build Bridges[9401:168100] Resetting plugins due to page load.
2015-07-28 06:55:37.726 Let's Build Bridges[9401:168100] Finished load of: file:///Users/demick/Library/Developer/CoreSimulator/Devices/9296A8E6-91F9-426F-A9EC-FDECE2EBBC63/data/Containers/Bundle/Application/BCC1D08F-BBE8-43C4-A56E-1544D2198EC2/Let's%20Build%20Bridges.app/www/index.html
2015-07-28 06:55:37.992 Let's Build Bridges[9401:168100] THREAD WARNING: ['InAppPurchase'] took '39.815186' ms. Plugin should use a background thread.
2015-07-28 06:55:37.993 Let's Build Bridges[9401:168100] [store.js] INFO: ios -> storekit ready
2015-07-28 06:55:40.411 Let's Build Bridges[9401:168100] *** STORE READY ***
>>>> frameSizeChanged = 4096
>>>> frameSizeChanged = 4096
2015-07-28 07:18:23.523 Let's Build Bridges[10258:178462] DiskCookieStorage changing policy from 2 to 0, cookie file: file:///Users/demick/Library/Developer/CoreSimulator/Devices/9296A8E6-91F9-426F-A9EC-FDECE2EBBC63/data/Containers/Data/Application/C7AFEBB2-35EA-43DA-98F5-B2495EB38434/Library/Cookies/Cookies.binarycookies
2015-07-28 07:18:23.659 Let's Build Bridges[10258:178462] Apache Cordova native platform version 3.8.0 is starting.
2015-07-28 07:18:23.659 Let's Build Bridges[10258:178462] Multi-tasking -> Device: YES, App: YES
2015-07-28 07:18:23.682 Let's Build Bridges[10258:178462] Unlimited access to network resources
2015-07-28 07:18:23.696 Let's Build Bridges[10258:178462] 

Started backup to iCloud! Please be careful.
Your application might be rejected by Apple if you store too much data.
For more information please read "iOS Data Storage Guidelines" at:
https://developer.apple.com/icloud/documentation/data-storage/
To disable web storage backup to iCloud, set the BackupWebStorage preference to "local" in the Cordova config.xml file

2015-07-28 07:18:23.900 Let's Build Bridges[10258:178462] [CDVTimer][splashscreen] 79.764009ms
2015-07-28 07:18:23.900 Let's Build Bridges[10258:178462] [CDVTimer][TotalPluginStartup] 80.008984ms
2015-07-28 07:18:23.986 Let's Build Bridges[10258:178462] Resetting plugins due to page load.
2015-07-28 07:18:24.087 Let's Build Bridges[10258:178462] Finished load of: file:///Users/demick/Library/Developer/CoreSimulator/Devices/9296A8E6-91F9-426F-A9EC-FDECE2EBBC63/data/Containers/Bundle/Application/6671C542-C8C5-4F39-B3E0-45C975F8E0E7/Let's%20Build%20Bridges.app/www/index.html
2015-07-28 07:18:24.306 Let's Build Bridges[10258:178462] [store.js] INFO: ios -> storekit ready
2015-07-28 07:18:26.529 Let's Build Bridges[10258:178462] *** STORE READY ***
>>>> frameSizeChanged = 4096
>>>> frameSizeChanged = 4096
